<?xml version="1.0" encoding="UTF-8"?>
<!-- Generated by org.testng.reporters.JUnitXMLReporter -->
<testsuite hostname="Adi" ignored="0" name="Test" tests="18" failures="2" timestamp="09 May 2020 09:35:38 GMT" time="40.018" errors="0">
  <testcase name="basicAuthenticaion" time="11.51" classname="com.demo.BasicAuthentication"/>
  <testcase name="createPetWithData" time="3.057" classname="com.demo.DataProvider_Rest"/>
  <testcase name="createPetWithData" time="1.446" classname="com.demo.DataProvider_Rest"/>
  <testcase name="queryTest" time="1.2" classname="com.demo.QueryParam_Test"/>
  <testcase name="getResponse" time="1.483" classname="com.demo.RestDemo"/>
  <testcase name="getAccessTokenViaPreemptiveAuthentication" time="2.837" classname="com.demo.Oauth2_Test2"/>
  <testcase name="create" time="1.385" classname="com.demo.RestCurdTestNg"/>
  <testcase name="create" time="1.591" classname="com.demo.Deserialization_Cmlx_Rspns"/>
  <testcase name="create" time="1.361" classname="com.demo.RestPathParam"/>
  <testcase name="create" time="1.388" classname="com.demo.RestAssured_Log"/>
  <testcase name="doingPaymentWithOauth2Autentication" time="1.712" classname="com.demo.UploadFileRest">
    <failure type="java.lang.AssertionError" message="expected [200] but found [404]">
      <![CDATA[java.lang.AssertionError: expected [200] but found [404]
	at com.demo.UploadFileRest.doingPaymentWithOauth2Autentication(UploadFileRest.java:27)
... Removed 35 stack frames]]>
    </failure>
  </testcase> <!-- doingPaymentWithOauth2Autentication -->
  <testcase name="getAccessTokenViaPreemptiveAuthentication" time="1.771" classname="com.demo.OAuth2_Test"/>
  <testcase name="update" time="1.625" classname="com.demo.RestCurdTestNg">
    <failure type="java.lang.AssertionError" message="expected [200] but found [404]">
      <![CDATA[java.lang.AssertionError: expected [200] but found [404]
	at com.demo.RestCurdTestNg.update(RestCurdTestNg.java:61)
... Removed 35 stack frames]]>
    </failure>
  </testcase> <!-- update -->
  <testcase name="doingPaymentWithOauth2Autentication" time="1.705" classname="com.demo.OAuth2_Test"/>
  <testcase name="get" time="1.661" classname="com.demo.RestPathParam"/>
  <testcase name="get" time="1.437" classname="com.demo.RestAssured_Log"/>
  <testcase name="get" time="1.369" classname="com.demo.RestCurdTestNg"/>
  <testcase name="delete" time="1.341" classname="com.demo.RestCurdTestNg"/>
</testsuite> <!-- Test -->
