<?xml version="1.0" encoding="UTF-8"?>
<testsuite xmlns:xsi="http://www.w3.org/2001/XMLSchema-instance" xsi:noNamespaceSchemaLocation="https://maven.apache.org/surefire/maven-surefire-plugin/xsd/surefire-test-report.xsd" name="TestSuite" time="42.519" tests="18" errors="0" skipped="0" failures="2">
  <properties>
[...]
</properties>
  <testcase name="basicAuthenticaion" classname="com.demo.BasicAuthentication" time="11.513"/>
  <testcase name="createPetWithData" classname="com.demo.DataProvider_Rest" time="3.057"/>
  <testcase name="createPetWithData" classname="com.demo.DataProvider_Rest" time="1.463"/>
  <testcase name="queryTest" classname="com.demo.QueryParam_Test" time="1.189"/>
  <testcase name="getResponse" classname="com.demo.RestDemo" time="1.483"/>
  <testcase name="getAccessTokenViaPreemptiveAuthentication" classname="com.demo.Oauth2_Test2" time="2.84"/>
  <testcase name="create" classname="com.demo.RestCurdTestNg" time="1.382"/>
  <testcase name="create" classname="com.demo.Deserialization_Cmlx_Rspns" time="1.591"/>
  <testcase name="create" classname="com.demo.RestPathParam" time="1.362"/>
  <testcase name="create" classname="com.demo.RestAssured_Log" time="1.385"/>
  <testcase name="doingPaymentWithOauth2Autentication" classname="com.demo.UploadFileRest" time="1.756">
    <failure message="expected [200] but found [404]" type="java.lang.AssertionError">java.lang.AssertionError: expected [200] but found [404]
	at com.demo.UploadFileRest.doingPaymentWithOauth2Autentication(UploadFileRest.java:27)
</failure>
  </testcase>
  <testcase name="getAccessTokenViaPreemptiveAuthentication" classname="com.demo.OAuth2_Test" time="1.775"/>
  <testcase name="update" classname="com.demo.RestCurdTestNg" time="1.621">
    <failure message="expected [200] but found [404]" type="java.lang.AssertionError">java.lang.AssertionError: expected [200] but found [404]
	at com.demo.RestCurdTestNg.update(RestCurdTestNg.java:61)
</failure>
    <system-out><![CDATA[
]]></system-out>
  </testcase>
  <testcase name="doingPaymentWithOauth2Autentication" classname="com.demo.OAuth2_Test" time="1.711"/>
  <testcase name="get" classname="com.demo.RestPathParam" time="1.657"/>
  <testcase name="get" classname="com.demo.RestAssured_Log" time="1.436"/>
  <testcase name="get" classname="com.demo.RestCurdTestNg" time="1.377"/>
  <testcase name="delete" classname="com.demo.RestCurdTestNg" time="1.334"/>
</testsuite>