<?xml version="1.0" encoding="UTF-8"?>
<testng-results skipped="0" failed="0" ignored="0" total="2" passed="2">
  <reporter-output>
  </reporter-output>
  <suite name="Default suite" duration-ms="47253" started-at="2020-05-10T05:28:16Z" finished-at="2020-05-10T05:29:03Z">
    <groups>
    </groups>
    <test name="Default test" duration-ms="47253" started-at="2020-05-10T05:28:16Z" finished-at="2020-05-10T05:29:03Z">
      <class name="com.demo.JsonSchemaValidation">
        <test-method status="PASS" signature="createPetWithData(int, int, java.lang.String, java.lang.String, java.lang.String, java.lang.String, java.lang.String, int, java.lang.String, int, java.lang.String, java.lang.String)[pri:0, instance:com.demo.JsonSchemaValidation@293a5bf6]" name="createPetWithData" duration-ms="37730" started-at="2020-05-10T10:58:16Z" data-provider="dpGetWithParam" finished-at="2020-05-10T10:58:54Z">
          <params>
            <param index="0">
              <value>
                <![CDATA[1]]>
              </value>
            </param>
            <param index="1">
              <value>
                <![CDATA[1]]>
              </value>
            </param>
            <param index="2">
              <value>
                <![CDATA[tom]]>
              </value>
            </param>
            <param index="3">
              <value>
                <![CDATA[jerry]]>
              </value>
            </param>
            <param index="4">
              <value>
                <![CDATA[www.google.com]]>
              </value>
            </param>
            <param index="5">
              <value>
                <![CDATA[www.ust.com]]>
              </value>
            </param>
            <param index="6">
              <value>
                <![CDATA[www.pst.com]]>
              </value>
            </param>
            <param index="7">
              <value>
                <![CDATA[11]]>
              </value>
            </param>
            <param index="8">
              <value>
                <![CDATA[testing]]>
              </value>
            </param>
            <param index="9">
              <value>
                <![CDATA[12]]>
              </value>
            </param>
            <param index="10">
              <value>
                <![CDATA[resting]]>
              </value>
            </param>
            <param index="11">
              <value>
                <![CDATA[available]]>
              </value>
            </param>
          </params>
          <reporter-output>
          </reporter-output>
        </test-method> <!-- createPetWithData -->
        <test-method status="PASS" signature="createPetWithData(int, int, java.lang.String, java.lang.String, java.lang.String, java.lang.String, java.lang.String, int, java.lang.String, int, java.lang.String, java.lang.String)[pri:0, instance:com.demo.JsonSchemaValidation@293a5bf6]" name="createPetWithData" duration-ms="9432" started-at="2020-05-10T10:58:54Z" data-provider="dpGetWithParam" finished-at="2020-05-10T10:59:03Z">
          <params>
            <param index="0">
              <value>
                <![CDATA[2]]>
              </value>
            </param>
            <param index="1">
              <value>
                <![CDATA[11]]>
              </value>
            </param>
            <param index="2">
              <value>
                <![CDATA[tomy]]>
              </value>
            </param>
            <param index="3">
              <value>
                <![CDATA[jerry]]>
              </value>
            </param>
            <param index="4">
              <value>
                <![CDATA[www.google.com]]>
              </value>
            </param>
            <param index="5">
              <value>
                <![CDATA[www.ust.com]]>
              </value>
            </param>
            <param index="6">
              <value>
                <![CDATA[www.pst.com]]>
              </value>
            </param>
            <param index="7">
              <value>
                <![CDATA[13]]>
              </value>
            </param>
            <param index="8">
              <value>
                <![CDATA[testing]]>
              </value>
            </param>
            <param index="9">
              <value>
                <![CDATA[15]]>
              </value>
            </param>
            <param index="10">
              <value>
                <![CDATA[resting]]>
              </value>
            </param>
            <param index="11">
              <value>
                <![CDATA[available]]>
              </value>
            </param>
          </params>
          <reporter-output>
          </reporter-output>
        </test-method> <!-- createPetWithData -->
      </class> <!-- com.demo.JsonSchemaValidation -->
    </test> <!-- Default test -->
  </suite> <!-- Default suite -->
</testng-results>
